<?xml version="1.0" encoding="UTF-8"?>
<!-- Generated by org.testng.reporters.JUnitReportReporter -->
<testsuite skipped="0" hostname="Lenovo-PC" name="ST.OLB.DP" tests="1" failures="0" timestamp="04 Mar 2019 16:10:10 GMT" time="63.316" errors="0">
  <testcase name="method1" time="63.316" classname="ST.OLB.DP"/>
</testsuite> <!-- ST.OLB.DP -->
