<?xml version="1.0" encoding="UTF-8"?>
<!-- Generated by org.testng.reporters.JUnitReportReporter -->
<testsuite skipped="1" hostname="Lenovo-PC" name="TestNG_Project.Data2" tests="1" failures="0" timestamp="02 May 2019 12:52:38 GMT" time="0.000" errors="0">
  <testcase name="TestSetup" time="0.000" classname="TestNG_Project.Data2">
    <skipped/>
  </testcase> <!-- TestSetup -->
</testsuite> <!-- TestNG_Project.Data2 -->
