<?xml version="1.0" encoding="UTF-8"?>
<!-- Generated by org.testng.reporters.JUnitReportReporter -->
<testsuite skipped="0" hostname="Lenovo-PC" name="Jenkins.simple" tests="1" failures="0" timestamp="08 May 2019 09:30:04 GMT" time="0.018" errors="0">
  <testcase name="welcome" time="0.018" classname="Jenkins.simple"/>
</testsuite> <!-- Jenkins.simple -->
