<?xml version="1.0" encoding="UTF-8"?>
<!-- Generated by org.testng.reporters.JUnitReportReporter -->
<testsuite skipped="0" hostname="Lenovo-PC" name="TestNG_Project.Insurance_Project" tests="1" failures="0" timestamp="03 May 2019 10:34:06 GMT" time="20.906" errors="0">
  <testcase name="Register" time="20.906" classname="TestNG_Project.Insurance_Project"/>
</testsuite> <!-- TestNG_Project.Insurance_Project -->
