<?xml version="1.0" encoding="UTF-8"?>
<!-- Generated by org.testng.reporters.JUnitReportReporter -->
<testsuite skipped="0" hostname="Lenovo-PC" name="TestNG_Project.DataWithData" tests="1" failures="0" timestamp="12 May 2019 07:40:31 GMT" time="91.347" errors="0">
  <testcase name="Registration_data" time="91.347" classname="TestNG_Project.DataWithData"/>
</testsuite> <!-- TestNG_Project.DataWithData -->
