<?xml version="1.0" encoding="UTF-8"?>
<!-- Generated by org.testng.reporters.JUnitReportReporter -->
<testsuite skipped="0" hostname="Lenovo-PC" name="TestNG_Project.PayTm" tests="1" failures="0" timestamp="03 May 2019 10:13:30 GMT" time="0.511" errors="0">
  <testcase name="BookinRooms" time="0.511" classname="TestNG_Project.PayTm"/>
</testsuite> <!-- TestNG_Project.PayTm -->
