<?xml version="1.0" encoding="UTF-8"?>
<!-- Generated by org.testng.reporters.JUnitReportReporter -->
<testsuite skipped="0" hostname="Lenovo-PC" name="ST.OLB.Upload" tests="1" failures="0" timestamp="03 May 2019 07:39:44 GMT" time="64.580" errors="0">
  <testcase name="load" time="64.580" classname="ST.OLB.Upload"/>
</testsuite> <!-- ST.OLB.Upload -->
