<?xml version="1.0" encoding="UTF-8"?>
<!-- Generated by org.testng.reporters.JUnitReportReporter -->
<testsuite skipped="0" hostname="Lenovo-PC" name="TestNG_Project.DataProject" tests="1" failures="0" timestamp="05 May 2019 07:22:34 GMT" time="7.479" errors="0">
  <testcase name="ReadData" time="7.479" classname="TestNG_Project.DataProject"/>
</testsuite> <!-- TestNG_Project.DataProject -->
